[2023-03-08T10:58:02.764420+00:00] errors.ERROR: Uncaught Exception Error: "Class "App\Lib\mysqli" not found" at /Users/Shared/Sites/App/Lib/Database.php line 12 {"exception":"[object] (Error(code: 0): Class \"App\\Lib\\mysqli\" not found at /Users/Shared/Sites/App/Lib/Database.php:12)"} []
[2023-03-08T10:58:02.764420+00:00] errors.ERROR: Uncaught Exception Error: "Class "App\Lib\mysqli" not found" at /Users/Shared/Sites/App/Lib/Database.php line 12 {"exception":"[object] (Error(code: 0): Class \"App\\Lib\\mysqli\" not found at /Users/Shared/Sites/App/Lib/Database.php:12)"} []
[2023-03-08T10:58:02.870891+00:00] errors.ERROR: Uncaught Exception Error: "Class "App\Lib\mysqli" not found" at /Users/Shared/Sites/App/Lib/Database.php line 12 {"exception":"[object] (Error(code: 0): Class \"App\\Lib\\mysqli\" not found at /Users/Shared/Sites/App/Lib/Database.php:12)"} []
[2023-03-08T10:58:02.870891+00:00] errors.ERROR: Uncaught Exception Error: "Class "App\Lib\mysqli" not found" at /Users/Shared/Sites/App/Lib/Database.php line 12 {"exception":"[object] (Error(code: 0): Class \"App\\Lib\\mysqli\" not found at /Users/Shared/Sites/App/Lib/Database.php:12)"} []
[2023-03-08T13:33:53.298524+00:00] errors.WARNING: E_WARNING: Undefined variable $admin {"code":2,"message":"Undefined variable $admin","file":"/Users/Shared/Sites/App/Lib/Database.php","line":21} []
[2023-03-08T13:33:53.298524+00:00] errors.WARNING: E_WARNING: Undefined variable $admin {"code":2,"message":"Undefined variable $admin","file":"/Users/Shared/Sites/App/Lib/Database.php","line":21} []
[2023-03-08T13:33:53.369011+00:00] errors.WARNING: E_WARNING: Undefined variable $admin {"code":2,"message":"Undefined variable $admin","file":"/Users/Shared/Sites/App/Lib/Database.php","line":21} []
[2023-03-08T13:33:53.369011+00:00] errors.WARNING: E_WARNING: Undefined variable $admin {"code":2,"message":"Undefined variable $admin","file":"/Users/Shared/Sites/App/Lib/Database.php","line":21} []
[2023-03-08T13:34:04.663138+00:00] errors.WARNING: E_WARNING: Undefined variable $admin {"code":2,"message":"Undefined variable $admin","file":"/Users/Shared/Sites/App/Lib/Database.php","line":21} []
[2023-03-08T13:34:04.663138+00:00] errors.WARNING: E_WARNING: Undefined variable $admin {"code":2,"message":"Undefined variable $admin","file":"/Users/Shared/Sites/App/Lib/Database.php","line":21} []
[2023-03-08T13:34:04.706128+00:00] errors.WARNING: E_WARNING: Undefined variable $admin {"code":2,"message":"Undefined variable $admin","file":"/Users/Shared/Sites/App/Lib/Database.php","line":21} []
[2023-03-08T13:34:04.706128+00:00] errors.WARNING: E_WARNING: Undefined variable $admin {"code":2,"message":"Undefined variable $admin","file":"/Users/Shared/Sites/App/Lib/Database.php","line":21} []
[2023-03-08T17:05:53.776827+00:00] errors.ERROR: Uncaught Exception mysqli_sql_exception: "Unknown database 'inf1005_alpha'" at /Users/Shared/Sites/App/Lib/Database.php line 15 {"exception":"[object] (mysqli_sql_exception(code: 1049): Unknown database 'inf1005_alpha' at /Users/Shared/Sites/App/Lib/Database.php:15)"} []
[2023-03-08T17:05:53.776827+00:00] errors.ERROR: Uncaught Exception mysqli_sql_exception: "Unknown database 'inf1005_alpha'" at /Users/Shared/Sites/App/Lib/Database.php line 15 {"exception":"[object] (mysqli_sql_exception(code: 1049): Unknown database 'inf1005_alpha' at /Users/Shared/Sites/App/Lib/Database.php:15)"} []
[2023-03-08T17:05:53.871292+00:00] errors.ERROR: Uncaught Exception mysqli_sql_exception: "Unknown database 'inf1005_alpha'" at /Users/Shared/Sites/App/Lib/Database.php line 15 {"exception":"[object] (mysqli_sql_exception(code: 1049): Unknown database 'inf1005_alpha' at /Users/Shared/Sites/App/Lib/Database.php:15)"} []
[2023-03-08T17:05:53.871292+00:00] errors.ERROR: Uncaught Exception mysqli_sql_exception: "Unknown database 'inf1005_alpha'" at /Users/Shared/Sites/App/Lib/Database.php line 15 {"exception":"[object] (mysqli_sql_exception(code: 1049): Unknown database 'inf1005_alpha' at /Users/Shared/Sites/App/Lib/Database.php:15)"} []
[2023-03-08T17:06:14.585980+00:00] errors.ERROR: Uncaught Exception mysqli_sql_exception: "Unknown database 'inf1005_alpha'" at /Users/Shared/Sites/App/Lib/Database.php line 15 {"exception":"[object] (mysqli_sql_exception(code: 1049): Unknown database 'inf1005_alpha' at /Users/Shared/Sites/App/Lib/Database.php:15)"} []
[2023-03-08T17:06:14.585980+00:00] errors.ERROR: Uncaught Exception mysqli_sql_exception: "Unknown database 'inf1005_alpha'" at /Users/Shared/Sites/App/Lib/Database.php line 15 {"exception":"[object] (mysqli_sql_exception(code: 1049): Unknown database 'inf1005_alpha' at /Users/Shared/Sites/App/Lib/Database.php:15)"} []
[2023-03-08T17:06:14.644588+00:00] errors.ERROR: Uncaught Exception mysqli_sql_exception: "Unknown database 'inf1005_alpha'" at /Users/Shared/Sites/App/Lib/Database.php line 15 {"exception":"[object] (mysqli_sql_exception(code: 1049): Unknown database 'inf1005_alpha' at /Users/Shared/Sites/App/Lib/Database.php:15)"} []
[2023-03-08T17:06:14.644588+00:00] errors.ERROR: Uncaught Exception mysqli_sql_exception: "Unknown database 'inf1005_alpha'" at /Users/Shared/Sites/App/Lib/Database.php line 15 {"exception":"[object] (mysqli_sql_exception(code: 1049): Unknown database 'inf1005_alpha' at /Users/Shared/Sites/App/Lib/Database.php:15)"} []
[2023-03-08T17:06:15.105185+00:00] errors.ERROR: Uncaught Exception mysqli_sql_exception: "Unknown database 'inf1005_alpha'" at /Users/Shared/Sites/App/Lib/Database.php line 15 {"exception":"[object] (mysqli_sql_exception(code: 1049): Unknown database 'inf1005_alpha' at /Users/Shared/Sites/App/Lib/Database.php:15)"} []
[2023-03-08T17:06:15.105185+00:00] errors.ERROR: Uncaught Exception mysqli_sql_exception: "Unknown database 'inf1005_alpha'" at /Users/Shared/Sites/App/Lib/Database.php line 15 {"exception":"[object] (mysqli_sql_exception(code: 1049): Unknown database 'inf1005_alpha' at /Users/Shared/Sites/App/Lib/Database.php:15)"} []
[2023-03-08T17:06:15.153986+00:00] errors.ERROR: Uncaught Exception mysqli_sql_exception: "Unknown database 'inf1005_alpha'" at /Users/Shared/Sites/App/Lib/Database.php line 15 {"exception":"[object] (mysqli_sql_exception(code: 1049): Unknown database 'inf1005_alpha' at /Users/Shared/Sites/App/Lib/Database.php:15)"} []
[2023-03-08T17:06:15.153986+00:00] errors.ERROR: Uncaught Exception mysqli_sql_exception: "Unknown database 'inf1005_alpha'" at /Users/Shared/Sites/App/Lib/Database.php line 15 {"exception":"[object] (mysqli_sql_exception(code: 1049): Unknown database 'inf1005_alpha' at /Users/Shared/Sites/App/Lib/Database.php:15)"} []
[2023-03-08T17:06:22.720205+00:00] errors.ERROR: Uncaught Exception mysqli_sql_exception: "Unknown database 'inf1005_alpha'" at /Users/Shared/Sites/App/Lib/Database.php line 15 {"exception":"[object] (mysqli_sql_exception(code: 1049): Unknown database 'inf1005_alpha' at /Users/Shared/Sites/App/Lib/Database.php:15)"} []
[2023-03-08T17:06:22.720205+00:00] errors.ERROR: Uncaught Exception mysqli_sql_exception: "Unknown database 'inf1005_alpha'" at /Users/Shared/Sites/App/Lib/Database.php line 15 {"exception":"[object] (mysqli_sql_exception(code: 1049): Unknown database 'inf1005_alpha' at /Users/Shared/Sites/App/Lib/Database.php:15)"} []
[2023-03-08T17:06:22.821892+00:00] errors.ERROR: Uncaught Exception mysqli_sql_exception: "Unknown database 'inf1005_alpha'" at /Users/Shared/Sites/App/Lib/Database.php line 15 {"exception":"[object] (mysqli_sql_exception(code: 1049): Unknown database 'inf1005_alpha' at /Users/Shared/Sites/App/Lib/Database.php:15)"} []
[2023-03-08T17:06:22.821892+00:00] errors.ERROR: Uncaught Exception mysqli_sql_exception: "Unknown database 'inf1005_alpha'" at /Users/Shared/Sites/App/Lib/Database.php line 15 {"exception":"[object] (mysqli_sql_exception(code: 1049): Unknown database 'inf1005_alpha' at /Users/Shared/Sites/App/Lib/Database.php:15)"} []
[2023-03-08T17:06:24.048303+00:00] errors.ERROR: Uncaught Exception mysqli_sql_exception: "Unknown database 'inf1005_alpha'" at /Users/Shared/Sites/App/Lib/Database.php line 15 {"exception":"[object] (mysqli_sql_exception(code: 1049): Unknown database 'inf1005_alpha' at /Users/Shared/Sites/App/Lib/Database.php:15)"} []
[2023-03-08T17:06:24.048303+00:00] errors.ERROR: Uncaught Exception mysqli_sql_exception: "Unknown database 'inf1005_alpha'" at /Users/Shared/Sites/App/Lib/Database.php line 15 {"exception":"[object] (mysqli_sql_exception(code: 1049): Unknown database 'inf1005_alpha' at /Users/Shared/Sites/App/Lib/Database.php:15)"} []
[2023-03-08T17:06:24.139159+00:00] errors.ERROR: Uncaught Exception mysqli_sql_exception: "Unknown database 'inf1005_alpha'" at /Users/Shared/Sites/App/Lib/Database.php line 15 {"exception":"[object] (mysqli_sql_exception(code: 1049): Unknown database 'inf1005_alpha' at /Users/Shared/Sites/App/Lib/Database.php:15)"} []
[2023-03-08T17:06:24.139159+00:00] errors.ERROR: Uncaught Exception mysqli_sql_exception: "Unknown database 'inf1005_alpha'" at /Users/Shared/Sites/App/Lib/Database.php line 15 {"exception":"[object] (mysqli_sql_exception(code: 1049): Unknown database 'inf1005_alpha' at /Users/Shared/Sites/App/Lib/Database.php:15)"} []
[2023-03-08T17:06:37.421076+00:00] errors.ERROR: Uncaught Exception mysqli_sql_exception: "Unknown database 'inf1005_alpha'" at /Users/Shared/Sites/App/Lib/Database.php line 15 {"exception":"[object] (mysqli_sql_exception(code: 1049): Unknown database 'inf1005_alpha' at /Users/Shared/Sites/App/Lib/Database.php:15)"} []
[2023-03-08T17:06:37.421076+00:00] errors.ERROR: Uncaught Exception mysqli_sql_exception: "Unknown database 'inf1005_alpha'" at /Users/Shared/Sites/App/Lib/Database.php line 15 {"exception":"[object] (mysqli_sql_exception(code: 1049): Unknown database 'inf1005_alpha' at /Users/Shared/Sites/App/Lib/Database.php:15)"} []
[2023-03-08T17:06:37.520570+00:00] errors.ERROR: Uncaught Exception mysqli_sql_exception: "Unknown database 'inf1005_alpha'" at /Users/Shared/Sites/App/Lib/Database.php line 15 {"exception":"[object] (mysqli_sql_exception(code: 1049): Unknown database 'inf1005_alpha' at /Users/Shared/Sites/App/Lib/Database.php:15)"} []
[2023-03-08T17:06:37.520570+00:00] errors.ERROR: Uncaught Exception mysqli_sql_exception: "Unknown database 'inf1005_alpha'" at /Users/Shared/Sites/App/Lib/Database.php line 15 {"exception":"[object] (mysqli_sql_exception(code: 1049): Unknown database 'inf1005_alpha' at /Users/Shared/Sites/App/Lib/Database.php:15)"} []
[2023-03-08T17:07:43.957954+00:00] errors.ERROR: Uncaught Exception mysqli_sql_exception: "Unknown database 'inf1005-dewdew'" at /Users/Shared/Sites/App/Lib/Database.php line 15 {"exception":"[object] (mysqli_sql_exception(code: 1049): Unknown database 'inf1005-dewdew' at /Users/Shared/Sites/App/Lib/Database.php:15)"} []
[2023-03-08T17:07:43.957954+00:00] errors.ERROR: Uncaught Exception mysqli_sql_exception: "Unknown database 'inf1005-dewdew'" at /Users/Shared/Sites/App/Lib/Database.php line 15 {"exception":"[object] (mysqli_sql_exception(code: 1049): Unknown database 'inf1005-dewdew' at /Users/Shared/Sites/App/Lib/Database.php:15)"} []
[2023-03-08T17:07:44.055287+00:00] errors.ERROR: Uncaught Exception mysqli_sql_exception: "Unknown database 'inf1005-dewdew'" at /Users/Shared/Sites/App/Lib/Database.php line 15 {"exception":"[object] (mysqli_sql_exception(code: 1049): Unknown database 'inf1005-dewdew' at /Users/Shared/Sites/App/Lib/Database.php:15)"} []
[2023-03-08T17:07:44.055287+00:00] errors.ERROR: Uncaught Exception mysqli_sql_exception: "Unknown database 'inf1005-dewdew'" at /Users/Shared/Sites/App/Lib/Database.php line 15 {"exception":"[object] (mysqli_sql_exception(code: 1049): Unknown database 'inf1005-dewdew' at /Users/Shared/Sites/App/Lib/Database.php:15)"} []
[2023-03-08T17:08:38.363711+00:00] errors.ERROR: Uncaught Exception mysqli_sql_exception: "Unknown database 'inf1005-alhgghpha'" at /Users/Shared/Sites/App/Lib/Database.php line 15 {"exception":"[object] (mysqli_sql_exception(code: 1049): Unknown database 'inf1005-alhgghpha' at /Users/Shared/Sites/App/Lib/Database.php:15)"} []
[2023-03-08T17:08:38.363711+00:00] errors.ERROR: Uncaught Exception mysqli_sql_exception: "Unknown database 'inf1005-alhgghpha'" at /Users/Shared/Sites/App/Lib/Database.php line 15 {"exception":"[object] (mysqli_sql_exception(code: 1049): Unknown database 'inf1005-alhgghpha' at /Users/Shared/Sites/App/Lib/Database.php:15)"} []
[2023-03-08T17:08:38.462094+00:00] errors.ERROR: Uncaught Exception mysqli_sql_exception: "Unknown database 'inf1005-alhgghpha'" at /Users/Shared/Sites/App/Lib/Database.php line 15 {"exception":"[object] (mysqli_sql_exception(code: 1049): Unknown database 'inf1005-alhgghpha' at /Users/Shared/Sites/App/Lib/Database.php:15)"} []
[2023-03-08T17:08:38.462094+00:00] errors.ERROR: Uncaught Exception mysqli_sql_exception: "Unknown database 'inf1005-alhgghpha'" at /Users/Shared/Sites/App/Lib/Database.php line 15 {"exception":"[object] (mysqli_sql_exception(code: 1049): Unknown database 'inf1005-alhgghpha' at /Users/Shared/Sites/App/Lib/Database.php:15)"} []
[2023-03-08T17:12:56.249066+00:00] errors.WARNING: E_WARNING: Undefined variable $mysqli {"code":2,"message":"Undefined variable $mysqli","file":"/Users/Shared/Sites/App/Lib/Database.php","line":23} []
[2023-03-08T17:12:56.249066+00:00] errors.WARNING: E_WARNING: Undefined variable $mysqli {"code":2,"message":"Undefined variable $mysqli","file":"/Users/Shared/Sites/App/Lib/Database.php","line":23} []
[2023-03-08T17:12:56.251396+00:00] errors.WARNING: E_WARNING: Attempt to read property "connect_error" on null {"code":2,"message":"Attempt to read property \"connect_error\" on null","file":"/Users/Shared/Sites/App/Lib/Database.php","line":23} []
[2023-03-08T17:12:56.251396+00:00] errors.WARNING: E_WARNING: Attempt to read property "connect_error" on null {"code":2,"message":"Attempt to read property \"connect_error\" on null","file":"/Users/Shared/Sites/App/Lib/Database.php","line":23} []
[2023-03-08T17:12:56.310653+00:00] errors.WARNING: E_WARNING: Undefined variable $mysqli {"code":2,"message":"Undefined variable $mysqli","file":"/Users/Shared/Sites/App/Lib/Database.php","line":23} []
[2023-03-08T17:12:56.310653+00:00] errors.WARNING: E_WARNING: Undefined variable $mysqli {"code":2,"message":"Undefined variable $mysqli","file":"/Users/Shared/Sites/App/Lib/Database.php","line":23} []
[2023-03-08T17:12:56.311181+00:00] errors.WARNING: E_WARNING: Attempt to read property "connect_error" on null {"code":2,"message":"Attempt to read property \"connect_error\" on null","file":"/Users/Shared/Sites/App/Lib/Database.php","line":23} []
[2023-03-08T17:12:56.311181+00:00] errors.WARNING: E_WARNING: Attempt to read property "connect_error" on null {"code":2,"message":"Attempt to read property \"connect_error\" on null","file":"/Users/Shared/Sites/App/Lib/Database.php","line":23} []
[2023-03-08T17:13:05.176203+00:00] errors.WARNING: E_WARNING: Undefined variable $mysqli {"code":2,"message":"Undefined variable $mysqli","file":"/Users/Shared/Sites/App/Lib/Database.php","line":23} []
[2023-03-08T17:13:05.176203+00:00] errors.WARNING: E_WARNING: Undefined variable $mysqli {"code":2,"message":"Undefined variable $mysqli","file":"/Users/Shared/Sites/App/Lib/Database.php","line":23} []
[2023-03-08T17:13:05.178016+00:00] errors.WARNING: E_WARNING: Attempt to read property "connect_error" on null {"code":2,"message":"Attempt to read property \"connect_error\" on null","file":"/Users/Shared/Sites/App/Lib/Database.php","line":23} []
[2023-03-08T17:13:05.178016+00:00] errors.WARNING: E_WARNING: Attempt to read property "connect_error" on null {"code":2,"message":"Attempt to read property \"connect_error\" on null","file":"/Users/Shared/Sites/App/Lib/Database.php","line":23} []
[2023-03-08T17:13:05.224521+00:00] errors.WARNING: E_WARNING: Undefined variable $mysqli {"code":2,"message":"Undefined variable $mysqli","file":"/Users/Shared/Sites/App/Lib/Database.php","line":23} []
[2023-03-08T17:13:05.224521+00:00] errors.WARNING: E_WARNING: Undefined variable $mysqli {"code":2,"message":"Undefined variable $mysqli","file":"/Users/Shared/Sites/App/Lib/Database.php","line":23} []
[2023-03-08T17:13:05.225116+00:00] errors.WARNING: E_WARNING: Attempt to read property "connect_error" on null {"code":2,"message":"Attempt to read property \"connect_error\" on null","file":"/Users/Shared/Sites/App/Lib/Database.php","line":23} []
[2023-03-08T17:13:05.225116+00:00] errors.WARNING: E_WARNING: Attempt to read property "connect_error" on null {"code":2,"message":"Attempt to read property \"connect_error\" on null","file":"/Users/Shared/Sites/App/Lib/Database.php","line":23} []
[2023-03-08T17:43:53.057567+00:00] errors.WARNING: E_WARNING: Array to string conversion {"code":2,"message":"Array to string conversion","file":"/Users/Shared/Sites/App/Lib/Database.php","line":30} []
[2023-03-08T17:43:53.057567+00:00] errors.WARNING: E_WARNING: Array to string conversion {"code":2,"message":"Array to string conversion","file":"/Users/Shared/Sites/App/Lib/Database.php","line":30} []
[2023-03-08T17:43:53.118182+00:00] errors.WARNING: E_WARNING: Array to string conversion {"code":2,"message":"Array to string conversion","file":"/Users/Shared/Sites/App/Lib/Database.php","line":30} []
[2023-03-08T17:43:53.118182+00:00] errors.WARNING: E_WARNING: Array to string conversion {"code":2,"message":"Array to string conversion","file":"/Users/Shared/Sites/App/Lib/Database.php","line":30} []
[2023-03-08T17:49:03.213272+00:00] errors.WARNING: E_WARNING: Array to string conversion {"code":2,"message":"Array to string conversion","file":"/Users/Shared/Sites/App/Lib/Database.php","line":32} []
[2023-03-08T17:49:03.213272+00:00] errors.WARNING: E_WARNING: Array to string conversion {"code":2,"message":"Array to string conversion","file":"/Users/Shared/Sites/App/Lib/Database.php","line":32} []
[2023-03-08T17:49:03.215661+00:00] errors.WARNING: E_WARNING: Array to string conversion {"code":2,"message":"Array to string conversion","file":"/Users/Shared/Sites/App/Lib/Database.php","line":32} []
[2023-03-08T17:49:03.215661+00:00] errors.WARNING: E_WARNING: Array to string conversion {"code":2,"message":"Array to string conversion","file":"/Users/Shared/Sites/App/Lib/Database.php","line":32} []
[2023-03-08T17:49:03.264992+00:00] errors.WARNING: E_WARNING: Array to string conversion {"code":2,"message":"Array to string conversion","file":"/Users/Shared/Sites/App/Lib/Database.php","line":32} []
[2023-03-08T17:49:03.264992+00:00] errors.WARNING: E_WARNING: Array to string conversion {"code":2,"message":"Array to string conversion","file":"/Users/Shared/Sites/App/Lib/Database.php","line":32} []
[2023-03-08T17:49:03.265571+00:00] errors.WARNING: E_WARNING: Array to string conversion {"code":2,"message":"Array to string conversion","file":"/Users/Shared/Sites/App/Lib/Database.php","line":32} []
[2023-03-08T17:49:03.265571+00:00] errors.WARNING: E_WARNING: Array to string conversion {"code":2,"message":"Array to string conversion","file":"/Users/Shared/Sites/App/Lib/Database.php","line":32} []
[2023-03-08T17:49:10.576294+00:00] errors.WARNING: E_WARNING: Array to string conversion {"code":2,"message":"Array to string conversion","file":"/Users/Shared/Sites/App/Lib/Database.php","line":32} []
[2023-03-08T17:49:10.576294+00:00] errors.WARNING: E_WARNING: Array to string conversion {"code":2,"message":"Array to string conversion","file":"/Users/Shared/Sites/App/Lib/Database.php","line":32} []
[2023-03-08T17:49:10.577319+00:00] errors.WARNING: E_WARNING: Array to string conversion {"code":2,"message":"Array to string conversion","file":"/Users/Shared/Sites/App/Lib/Database.php","line":32} []
[2023-03-08T17:49:10.577319+00:00] errors.WARNING: E_WARNING: Array to string conversion {"code":2,"message":"Array to string conversion","file":"/Users/Shared/Sites/App/Lib/Database.php","line":32} []
[2023-03-08T17:49:10.619148+00:00] errors.WARNING: E_WARNING: Array to string conversion {"code":2,"message":"Array to string conversion","file":"/Users/Shared/Sites/App/Lib/Database.php","line":32} []
[2023-03-08T17:49:10.619148+00:00] errors.WARNING: E_WARNING: Array to string conversion {"code":2,"message":"Array to string conversion","file":"/Users/Shared/Sites/App/Lib/Database.php","line":32} []
[2023-03-08T17:49:10.619678+00:00] errors.WARNING: E_WARNING: Array to string conversion {"code":2,"message":"Array to string conversion","file":"/Users/Shared/Sites/App/Lib/Database.php","line":32} []
[2023-03-08T17:49:10.619678+00:00] errors.WARNING: E_WARNING: Array to string conversion {"code":2,"message":"Array to string conversion","file":"/Users/Shared/Sites/App/Lib/Database.php","line":32} []
[2023-03-08T17:49:41.633080+00:00] errors.WARNING: E_WARNING: Array to string conversion {"code":2,"message":"Array to string conversion","file":"/Users/Shared/Sites/App/Lib/Database.php","line":32} []
[2023-03-08T17:49:41.633080+00:00] errors.WARNING: E_WARNING: Array to string conversion {"code":2,"message":"Array to string conversion","file":"/Users/Shared/Sites/App/Lib/Database.php","line":32} []
[2023-03-08T17:49:41.686473+00:00] errors.WARNING: E_WARNING: Array to string conversion {"code":2,"message":"Array to string conversion","file":"/Users/Shared/Sites/App/Lib/Database.php","line":32} []
[2023-03-08T17:49:41.686473+00:00] errors.WARNING: E_WARNING: Array to string conversion {"code":2,"message":"Array to string conversion","file":"/Users/Shared/Sites/App/Lib/Database.php","line":32} []
[2023-03-08T17:49:42.858820+00:00] errors.WARNING: E_WARNING: Array to string conversion {"code":2,"message":"Array to string conversion","file":"/Users/Shared/Sites/App/Lib/Database.php","line":32} []
[2023-03-08T17:49:42.858820+00:00] errors.WARNING: E_WARNING: Array to string conversion {"code":2,"message":"Array to string conversion","file":"/Users/Shared/Sites/App/Lib/Database.php","line":32} []
[2023-03-08T17:49:42.904989+00:00] errors.WARNING: E_WARNING: Array to string conversion {"code":2,"message":"Array to string conversion","file":"/Users/Shared/Sites/App/Lib/Database.php","line":32} []
[2023-03-08T17:49:42.904989+00:00] errors.WARNING: E_WARNING: Array to string conversion {"code":2,"message":"Array to string conversion","file":"/Users/Shared/Sites/App/Lib/Database.php","line":32} []
[2023-03-08T17:50:07.628196+00:00] errors.WARNING: E_WARNING: Array to string conversion {"code":2,"message":"Array to string conversion","file":"/Users/Shared/Sites/App/Lib/Database.php","line":32} []
[2023-03-08T17:50:07.628196+00:00] errors.WARNING: E_WARNING: Array to string conversion {"code":2,"message":"Array to string conversion","file":"/Users/Shared/Sites/App/Lib/Database.php","line":32} []
[2023-03-08T17:50:07.631984+00:00] errors.WARNING: E_WARNING: Array to string conversion {"code":2,"message":"Array to string conversion","file":"/Users/Shared/Sites/App/Lib/Database.php","line":32} []
[2023-03-08T17:50:07.631984+00:00] errors.WARNING: E_WARNING: Array to string conversion {"code":2,"message":"Array to string conversion","file":"/Users/Shared/Sites/App/Lib/Database.php","line":32} []
[2023-03-08T17:50:07.679491+00:00] errors.WARNING: E_WARNING: Array to string conversion {"code":2,"message":"Array to string conversion","file":"/Users/Shared/Sites/App/Lib/Database.php","line":32} []
[2023-03-08T17:50:07.679491+00:00] errors.WARNING: E_WARNING: Array to string conversion {"code":2,"message":"Array to string conversion","file":"/Users/Shared/Sites/App/Lib/Database.php","line":32} []
[2023-03-08T17:50:07.680190+00:00] errors.WARNING: E_WARNING: Array to string conversion {"code":2,"message":"Array to string conversion","file":"/Users/Shared/Sites/App/Lib/Database.php","line":32} []
[2023-03-08T17:50:07.680190+00:00] errors.WARNING: E_WARNING: Array to string conversion {"code":2,"message":"Array to string conversion","file":"/Users/Shared/Sites/App/Lib/Database.php","line":32} []
[2023-03-08T17:51:38.198986+00:00] errors.WARNING: E_WARNING: Array to string conversion {"code":2,"message":"Array to string conversion","file":"/Users/Shared/Sites/App/Lib/Database.php","line":32} []
[2023-03-08T17:51:38.198986+00:00] errors.WARNING: E_WARNING: Array to string conversion {"code":2,"message":"Array to string conversion","file":"/Users/Shared/Sites/App/Lib/Database.php","line":32} []
[2023-03-08T17:51:38.203296+00:00] errors.WARNING: E_WARNING: Array to string conversion {"code":2,"message":"Array to string conversion","file":"/Users/Shared/Sites/App/Lib/Database.php","line":32} []
[2023-03-08T17:51:38.203296+00:00] errors.WARNING: E_WARNING: Array to string conversion {"code":2,"message":"Array to string conversion","file":"/Users/Shared/Sites/App/Lib/Database.php","line":32} []
[2023-03-08T17:51:38.254469+00:00] errors.WARNING: E_WARNING: Array to string conversion {"code":2,"message":"Array to string conversion","file":"/Users/Shared/Sites/App/Lib/Database.php","line":32} []
[2023-03-08T17:51:38.254469+00:00] errors.WARNING: E_WARNING: Array to string conversion {"code":2,"message":"Array to string conversion","file":"/Users/Shared/Sites/App/Lib/Database.php","line":32} []
[2023-03-08T17:51:38.254958+00:00] errors.WARNING: E_WARNING: Array to string conversion {"code":2,"message":"Array to string conversion","file":"/Users/Shared/Sites/App/Lib/Database.php","line":32} []
[2023-03-08T17:51:38.254958+00:00] errors.WARNING: E_WARNING: Array to string conversion {"code":2,"message":"Array to string conversion","file":"/Users/Shared/Sites/App/Lib/Database.php","line":32} []
[2023-03-08T17:51:47.538027+00:00] errors.WARNING: E_WARNING: Undefined array key "name" {"code":2,"message":"Undefined array key \"name\"","file":"/Users/Shared/Sites/App/Lib/Database.php","line":32} []
[2023-03-08T17:51:47.538027+00:00] errors.WARNING: E_WARNING: Undefined array key "name" {"code":2,"message":"Undefined array key \"name\"","file":"/Users/Shared/Sites/App/Lib/Database.php","line":32} []
[2023-03-08T17:51:47.539839+00:00] errors.NOTICE: E_DEPRECATED: implode(): Passing null to parameter #1 ($separator) of type array|string is deprecated {"code":8192,"message":"implode(): Passing null to parameter #1 ($separator) of type array|string is deprecated","file":"/Users/Shared/Sites/App/Lib/Database.php","line":32} []
[2023-03-08T17:51:47.539839+00:00] errors.NOTICE: E_DEPRECATED: implode(): Passing null to parameter #1 ($separator) of type array|string is deprecated {"code":8192,"message":"implode(): Passing null to parameter #1 ($separator) of type array|string is deprecated","file":"/Users/Shared/Sites/App/Lib/Database.php","line":32} []
[2023-03-08T17:51:47.540473+00:00] errors.ERROR: Uncaught Exception TypeError: "implode(): Argument #1 ($pieces) must be of type array, string given" at /Users/Shared/Sites/App/Lib/Database.php line 32 {"exception":"[object] (TypeError(code: 0): implode(): Argument #1 ($pieces) must be of type array, string given at /Users/Shared/Sites/App/Lib/Database.php:32)"} []
[2023-03-08T17:51:47.540473+00:00] errors.ERROR: Uncaught Exception TypeError: "implode(): Argument #1 ($pieces) must be of type array, string given" at /Users/Shared/Sites/App/Lib/Database.php line 32 {"exception":"[object] (TypeError(code: 0): implode(): Argument #1 ($pieces) must be of type array, string given at /Users/Shared/Sites/App/Lib/Database.php:32)"} []
[2023-03-08T17:51:47.581766+00:00] errors.WARNING: E_WARNING: Undefined array key "name" {"code":2,"message":"Undefined array key \"name\"","file":"/Users/Shared/Sites/App/Lib/Database.php","line":32} []
[2023-03-08T17:51:47.581766+00:00] errors.WARNING: E_WARNING: Undefined array key "name" {"code":2,"message":"Undefined array key \"name\"","file":"/Users/Shared/Sites/App/Lib/Database.php","line":32} []
[2023-03-08T17:51:47.582354+00:00] errors.NOTICE: E_DEPRECATED: implode(): Passing null to parameter #1 ($separator) of type array|string is deprecated {"code":8192,"message":"implode(): Passing null to parameter #1 ($separator) of type array|string is deprecated","file":"/Users/Shared/Sites/App/Lib/Database.php","line":32} []
[2023-03-08T17:51:47.582354+00:00] errors.NOTICE: E_DEPRECATED: implode(): Passing null to parameter #1 ($separator) of type array|string is deprecated {"code":8192,"message":"implode(): Passing null to parameter #1 ($separator) of type array|string is deprecated","file":"/Users/Shared/Sites/App/Lib/Database.php","line":32} []
[2023-03-08T17:51:47.582770+00:00] errors.ERROR: Uncaught Exception TypeError: "implode(): Argument #1 ($pieces) must be of type array, string given" at /Users/Shared/Sites/App/Lib/Database.php line 32 {"exception":"[object] (TypeError(code: 0): implode(): Argument #1 ($pieces) must be of type array, string given at /Users/Shared/Sites/App/Lib/Database.php:32)"} []
[2023-03-08T17:51:47.582770+00:00] errors.ERROR: Uncaught Exception TypeError: "implode(): Argument #1 ($pieces) must be of type array, string given" at /Users/Shared/Sites/App/Lib/Database.php line 32 {"exception":"[object] (TypeError(code: 0): implode(): Argument #1 ($pieces) must be of type array, string given at /Users/Shared/Sites/App/Lib/Database.php:32)"} []
[2023-03-08T17:51:48.219952+00:00] errors.WARNING: E_WARNING: Undefined array key "name" {"code":2,"message":"Undefined array key \"name\"","file":"/Users/Shared/Sites/App/Lib/Database.php","line":32} []
[2023-03-08T17:51:48.219952+00:00] errors.WARNING: E_WARNING: Undefined array key "name" {"code":2,"message":"Undefined array key \"name\"","file":"/Users/Shared/Sites/App/Lib/Database.php","line":32} []
[2023-03-08T17:51:48.221105+00:00] errors.NOTICE: E_DEPRECATED: implode(): Passing null to parameter #1 ($separator) of type array|string is deprecated {"code":8192,"message":"implode(): Passing null to parameter #1 ($separator) of type array|string is deprecated","file":"/Users/Shared/Sites/App/Lib/Database.php","line":32} []
[2023-03-08T17:51:48.221105+00:00] errors.NOTICE: E_DEPRECATED: implode(): Passing null to parameter #1 ($separator) of type array|string is deprecated {"code":8192,"message":"implode(): Passing null to parameter #1 ($separator) of type array|string is deprecated","file":"/Users/Shared/Sites/App/Lib/Database.php","line":32} []
[2023-03-08T17:51:48.221737+00:00] errors.ERROR: Uncaught Exception TypeError: "implode(): Argument #1 ($pieces) must be of type array, string given" at /Users/Shared/Sites/App/Lib/Database.php line 32 {"exception":"[object] (TypeError(code: 0): implode(): Argument #1 ($pieces) must be of type array, string given at /Users/Shared/Sites/App/Lib/Database.php:32)"} []
[2023-03-08T17:51:48.221737+00:00] errors.ERROR: Uncaught Exception TypeError: "implode(): Argument #1 ($pieces) must be of type array, string given" at /Users/Shared/Sites/App/Lib/Database.php line 32 {"exception":"[object] (TypeError(code: 0): implode(): Argument #1 ($pieces) must be of type array, string given at /Users/Shared/Sites/App/Lib/Database.php:32)"} []
[2023-03-08T17:51:48.274535+00:00] errors.WARNING: E_WARNING: Undefined array key "name" {"code":2,"message":"Undefined array key \"name\"","file":"/Users/Shared/Sites/App/Lib/Database.php","line":32} []
[2023-03-08T17:51:48.274535+00:00] errors.WARNING: E_WARNING: Undefined array key "name" {"code":2,"message":"Undefined array key \"name\"","file":"/Users/Shared/Sites/App/Lib/Database.php","line":32} []
[2023-03-08T17:51:48.275299+00:00] errors.NOTICE: E_DEPRECATED: implode(): Passing null to parameter #1 ($separator) of type array|string is deprecated {"code":8192,"message":"implode(): Passing null to parameter #1 ($separator) of type array|string is deprecated","file":"/Users/Shared/Sites/App/Lib/Database.php","line":32} []
[2023-03-08T17:51:48.275299+00:00] errors.NOTICE: E_DEPRECATED: implode(): Passing null to parameter #1 ($separator) of type array|string is deprecated {"code":8192,"message":"implode(): Passing null to parameter #1 ($separator) of type array|string is deprecated","file":"/Users/Shared/Sites/App/Lib/Database.php","line":32} []
[2023-03-08T17:51:48.275752+00:00] errors.ERROR: Uncaught Exception TypeError: "implode(): Argument #1 ($pieces) must be of type array, string given" at /Users/Shared/Sites/App/Lib/Database.php line 32 {"exception":"[object] (TypeError(code: 0): implode(): Argument #1 ($pieces) must be of type array, string given at /Users/Shared/Sites/App/Lib/Database.php:32)"} []
[2023-03-08T17:51:48.275752+00:00] errors.ERROR: Uncaught Exception TypeError: "implode(): Argument #1 ($pieces) must be of type array, string given" at /Users/Shared/Sites/App/Lib/Database.php line 32 {"exception":"[object] (TypeError(code: 0): implode(): Argument #1 ($pieces) must be of type array, string given at /Users/Shared/Sites/App/Lib/Database.php:32)"} []
[2023-03-09T06:27:14.468621+00:00] errors.ERROR: Uncaught Exception Error: "Object of class stdClass could not be converted to string" at /Users/Shared/Sites/App/Lib/Database.php line 35 {"exception":"[object] (Error(code: 0): Object of class stdClass could not be converted to string at /Users/Shared/Sites/App/Lib/Database.php:35)"} []
[2023-03-09T06:27:14.468621+00:00] errors.ERROR: Uncaught Exception Error: "Object of class stdClass could not be converted to string" at /Users/Shared/Sites/App/Lib/Database.php line 35 {"exception":"[object] (Error(code: 0): Object of class stdClass could not be converted to string at /Users/Shared/Sites/App/Lib/Database.php:35)"} []
[2023-03-09T06:27:14.558272+00:00] errors.ERROR: Uncaught Exception Error: "Object of class stdClass could not be converted to string" at /Users/Shared/Sites/App/Lib/Database.php line 35 {"exception":"[object] (Error(code: 0): Object of class stdClass could not be converted to string at /Users/Shared/Sites/App/Lib/Database.php:35)"} []
[2023-03-09T06:27:14.558272+00:00] errors.ERROR: Uncaught Exception Error: "Object of class stdClass could not be converted to string" at /Users/Shared/Sites/App/Lib/Database.php line 35 {"exception":"[object] (Error(code: 0): Object of class stdClass could not be converted to string at /Users/Shared/Sites/App/Lib/Database.php:35)"} []
[2023-03-09T06:27:17.407500+00:00] errors.ERROR: Uncaught Exception Error: "Object of class stdClass could not be converted to string" at /Users/Shared/Sites/App/Lib/Database.php line 35 {"exception":"[object] (Error(code: 0): Object of class stdClass could not be converted to string at /Users/Shared/Sites/App/Lib/Database.php:35)"} []
[2023-03-09T06:27:17.407500+00:00] errors.ERROR: Uncaught Exception Error: "Object of class stdClass could not be converted to string" at /Users/Shared/Sites/App/Lib/Database.php line 35 {"exception":"[object] (Error(code: 0): Object of class stdClass could not be converted to string at /Users/Shared/Sites/App/Lib/Database.php:35)"} []
[2023-03-09T06:27:17.456463+00:00] errors.ERROR: Uncaught Exception Error: "Object of class stdClass could not be converted to string" at /Users/Shared/Sites/App/Lib/Database.php line 35 {"exception":"[object] (Error(code: 0): Object of class stdClass could not be converted to string at /Users/Shared/Sites/App/Lib/Database.php:35)"} []
[2023-03-09T06:27:17.456463+00:00] errors.ERROR: Uncaught Exception Error: "Object of class stdClass could not be converted to string" at /Users/Shared/Sites/App/Lib/Database.php line 35 {"exception":"[object] (Error(code: 0): Object of class stdClass could not be converted to string at /Users/Shared/Sites/App/Lib/Database.php:35)"} []
[2023-03-09T06:42:19.170675+00:00] errors.ERROR: Uncaught Exception Error: "Object of class stdClass could not be converted to string" at /Users/Shared/Sites/App/Lib/Database.php line 35 {"exception":"[object] (Error(code: 0): Object of class stdClass could not be converted to string at /Users/Shared/Sites/App/Lib/Database.php:35)"} []
[2023-03-09T06:42:19.170675+00:00] errors.ERROR: Uncaught Exception Error: "Object of class stdClass could not be converted to string" at /Users/Shared/Sites/App/Lib/Database.php line 35 {"exception":"[object] (Error(code: 0): Object of class stdClass could not be converted to string at /Users/Shared/Sites/App/Lib/Database.php:35)"} []
[2023-03-09T06:42:19.253471+00:00] errors.ERROR: Uncaught Exception Error: "Object of class stdClass could not be converted to string" at /Users/Shared/Sites/App/Lib/Database.php line 35 {"exception":"[object] (Error(code: 0): Object of class stdClass could not be converted to string at /Users/Shared/Sites/App/Lib/Database.php:35)"} []
[2023-03-09T06:42:19.253471+00:00] errors.ERROR: Uncaught Exception Error: "Object of class stdClass could not be converted to string" at /Users/Shared/Sites/App/Lib/Database.php line 35 {"exception":"[object] (Error(code: 0): Object of class stdClass could not be converted to string at /Users/Shared/Sites/App/Lib/Database.php:35)"} []
[2023-03-09T06:54:52.871997+00:00] errors.WARNING: E_WARNING: Attempt to read property "id" on array {"code":2,"message":"Attempt to read property \"id\" on array","file":"/Users/Shared/Sites/App/Lib/Database.php","line":36} []
[2023-03-09T06:54:52.871997+00:00] errors.WARNING: E_WARNING: Attempt to read property "id" on array {"code":2,"message":"Attempt to read property \"id\" on array","file":"/Users/Shared/Sites/App/Lib/Database.php","line":36} []
[2023-03-09T06:54:52.874708+00:00] errors.WARNING: E_WARNING: Attempt to read property "id" on array {"code":2,"message":"Attempt to read property \"id\" on array","file":"/Users/Shared/Sites/App/Lib/Database.php","line":36} []
[2023-03-09T06:54:52.874708+00:00] errors.WARNING: E_WARNING: Attempt to read property "id" on array {"code":2,"message":"Attempt to read property \"id\" on array","file":"/Users/Shared/Sites/App/Lib/Database.php","line":36} []
[2023-03-09T06:54:52.946491+00:00] errors.WARNING: E_WARNING: Attempt to read property "id" on array {"code":2,"message":"Attempt to read property \"id\" on array","file":"/Users/Shared/Sites/App/Lib/Database.php","line":36} []
[2023-03-09T06:54:52.946491+00:00] errors.WARNING: E_WARNING: Attempt to read property "id" on array {"code":2,"message":"Attempt to read property \"id\" on array","file":"/Users/Shared/Sites/App/Lib/Database.php","line":36} []
[2023-03-09T06:54:52.947056+00:00] errors.WARNING: E_WARNING: Attempt to read property "id" on array {"code":2,"message":"Attempt to read property \"id\" on array","file":"/Users/Shared/Sites/App/Lib/Database.php","line":36} []
[2023-03-09T06:54:52.947056+00:00] errors.WARNING: E_WARNING: Attempt to read property "id" on array {"code":2,"message":"Attempt to read property \"id\" on array","file":"/Users/Shared/Sites/App/Lib/Database.php","line":36} []
[2023-03-09T06:55:04.786921+00:00] errors.WARNING: E_WARNING: Attempt to read property "id" on array {"code":2,"message":"Attempt to read property \"id\" on array","file":"/Users/Shared/Sites/App/Lib/Database.php","line":36} []
[2023-03-09T06:55:04.786921+00:00] errors.WARNING: E_WARNING: Attempt to read property "id" on array {"code":2,"message":"Attempt to read property \"id\" on array","file":"/Users/Shared/Sites/App/Lib/Database.php","line":36} []
[2023-03-09T06:55:04.788480+00:00] errors.WARNING: E_WARNING: Attempt to read property "id" on array {"code":2,"message":"Attempt to read property \"id\" on array","file":"/Users/Shared/Sites/App/Lib/Database.php","line":36} []
[2023-03-09T06:55:04.788480+00:00] errors.WARNING: E_WARNING: Attempt to read property "id" on array {"code":2,"message":"Attempt to read property \"id\" on array","file":"/Users/Shared/Sites/App/Lib/Database.php","line":36} []
[2023-03-09T06:55:04.840229+00:00] errors.WARNING: E_WARNING: Attempt to read property "id" on array {"code":2,"message":"Attempt to read property \"id\" on array","file":"/Users/Shared/Sites/App/Lib/Database.php","line":36} []
[2023-03-09T06:55:04.840229+00:00] errors.WARNING: E_WARNING: Attempt to read property "id" on array {"code":2,"message":"Attempt to read property \"id\" on array","file":"/Users/Shared/Sites/App/Lib/Database.php","line":36} []
[2023-03-09T06:55:04.840709+00:00] errors.WARNING: E_WARNING: Attempt to read property "id" on array {"code":2,"message":"Attempt to read property \"id\" on array","file":"/Users/Shared/Sites/App/Lib/Database.php","line":36} []
[2023-03-09T06:55:04.840709+00:00] errors.WARNING: E_WARNING: Attempt to read property "id" on array {"code":2,"message":"Attempt to read property \"id\" on array","file":"/Users/Shared/Sites/App/Lib/Database.php","line":36} []
[2023-03-09T06:55:05.532703+00:00] errors.WARNING: E_WARNING: Attempt to read property "id" on array {"code":2,"message":"Attempt to read property \"id\" on array","file":"/Users/Shared/Sites/App/Lib/Database.php","line":36} []
[2023-03-09T06:55:05.532703+00:00] errors.WARNING: E_WARNING: Attempt to read property "id" on array {"code":2,"message":"Attempt to read property \"id\" on array","file":"/Users/Shared/Sites/App/Lib/Database.php","line":36} []
[2023-03-09T06:55:05.533575+00:00] errors.WARNING: E_WARNING: Attempt to read property "id" on array {"code":2,"message":"Attempt to read property \"id\" on array","file":"/Users/Shared/Sites/App/Lib/Database.php","line":36} []
[2023-03-09T06:55:05.533575+00:00] errors.WARNING: E_WARNING: Attempt to read property "id" on array {"code":2,"message":"Attempt to read property \"id\" on array","file":"/Users/Shared/Sites/App/Lib/Database.php","line":36} []
[2023-03-09T06:55:05.580085+00:00] errors.WARNING: E_WARNING: Attempt to read property "id" on array {"code":2,"message":"Attempt to read property \"id\" on array","file":"/Users/Shared/Sites/App/Lib/Database.php","line":36} []
[2023-03-09T06:55:05.580085+00:00] errors.WARNING: E_WARNING: Attempt to read property "id" on array {"code":2,"message":"Attempt to read property \"id\" on array","file":"/Users/Shared/Sites/App/Lib/Database.php","line":36} []
[2023-03-09T06:55:05.580615+00:00] errors.WARNING: E_WARNING: Attempt to read property "id" on array {"code":2,"message":"Attempt to read property \"id\" on array","file":"/Users/Shared/Sites/App/Lib/Database.php","line":36} []
[2023-03-09T06:55:05.580615+00:00] errors.WARNING: E_WARNING: Attempt to read property "id" on array {"code":2,"message":"Attempt to read property \"id\" on array","file":"/Users/Shared/Sites/App/Lib/Database.php","line":36} []
[2023-03-09T06:55:05.827394+00:00] errors.WARNING: E_WARNING: Attempt to read property "id" on array {"code":2,"message":"Attempt to read property \"id\" on array","file":"/Users/Shared/Sites/App/Lib/Database.php","line":36} []
[2023-03-09T06:55:05.827394+00:00] errors.WARNING: E_WARNING: Attempt to read property "id" on array {"code":2,"message":"Attempt to read property \"id\" on array","file":"/Users/Shared/Sites/App/Lib/Database.php","line":36} []
[2023-03-09T06:55:05.828062+00:00] errors.WARNING: E_WARNING: Attempt to read property "id" on array {"code":2,"message":"Attempt to read property \"id\" on array","file":"/Users/Shared/Sites/App/Lib/Database.php","line":36} []
[2023-03-09T06:55:05.828062+00:00] errors.WARNING: E_WARNING: Attempt to read property "id" on array {"code":2,"message":"Attempt to read property \"id\" on array","file":"/Users/Shared/Sites/App/Lib/Database.php","line":36} []
[2023-03-09T06:55:05.866918+00:00] errors.WARNING: E_WARNING: Attempt to read property "id" on array {"code":2,"message":"Attempt to read property \"id\" on array","file":"/Users/Shared/Sites/App/Lib/Database.php","line":36} []
[2023-03-09T06:55:05.866918+00:00] errors.WARNING: E_WARNING: Attempt to read property "id" on array {"code":2,"message":"Attempt to read property \"id\" on array","file":"/Users/Shared/Sites/App/Lib/Database.php","line":36} []
[2023-03-09T06:55:05.868292+00:00] errors.WARNING: E_WARNING: Attempt to read property "id" on array {"code":2,"message":"Attempt to read property \"id\" on array","file":"/Users/Shared/Sites/App/Lib/Database.php","line":36} []
[2023-03-09T06:55:05.868292+00:00] errors.WARNING: E_WARNING: Attempt to read property "id" on array {"code":2,"message":"Attempt to read property \"id\" on array","file":"/Users/Shared/Sites/App/Lib/Database.php","line":36} []
[2023-03-09T06:55:05.991955+00:00] errors.WARNING: E_WARNING: Attempt to read property "id" on array {"code":2,"message":"Attempt to read property \"id\" on array","file":"/Users/Shared/Sites/App/Lib/Database.php","line":36} []
[2023-03-09T06:55:05.991955+00:00] errors.WARNING: E_WARNING: Attempt to read property "id" on array {"code":2,"message":"Attempt to read property \"id\" on array","file":"/Users/Shared/Sites/App/Lib/Database.php","line":36} []
[2023-03-09T06:55:05.992581+00:00] errors.WARNING: E_WARNING: Attempt to read property "id" on array {"code":2,"message":"Attempt to read property \"id\" on array","file":"/Users/Shared/Sites/App/Lib/Database.php","line":36} []
[2023-03-09T06:55:05.992581+00:00] errors.WARNING: E_WARNING: Attempt to read property "id" on array {"code":2,"message":"Attempt to read property \"id\" on array","file":"/Users/Shared/Sites/App/Lib/Database.php","line":36} []
[2023-03-09T06:55:06.030539+00:00] errors.WARNING: E_WARNING: Attempt to read property "id" on array {"code":2,"message":"Attempt to read property \"id\" on array","file":"/Users/Shared/Sites/App/Lib/Database.php","line":36} []
[2023-03-09T06:55:06.030539+00:00] errors.WARNING: E_WARNING: Attempt to read property "id" on array {"code":2,"message":"Attempt to read property \"id\" on array","file":"/Users/Shared/Sites/App/Lib/Database.php","line":36} []
[2023-03-09T06:55:06.031473+00:00] errors.WARNING: E_WARNING: Attempt to read property "id" on array {"code":2,"message":"Attempt to read property \"id\" on array","file":"/Users/Shared/Sites/App/Lib/Database.php","line":36} []
[2023-03-09T06:55:06.031473+00:00] errors.WARNING: E_WARNING: Attempt to read property "id" on array {"code":2,"message":"Attempt to read property \"id\" on array","file":"/Users/Shared/Sites/App/Lib/Database.php","line":36} []
[2023-03-09T06:55:06.141339+00:00] errors.WARNING: E_WARNING: Attempt to read property "id" on array {"code":2,"message":"Attempt to read property \"id\" on array","file":"/Users/Shared/Sites/App/Lib/Database.php","line":36} []
[2023-03-09T06:55:06.141339+00:00] errors.WARNING: E_WARNING: Attempt to read property "id" on array {"code":2,"message":"Attempt to read property \"id\" on array","file":"/Users/Shared/Sites/App/Lib/Database.php","line":36} []
[2023-03-09T06:55:06.141988+00:00] errors.WARNING: E_WARNING: Attempt to read property "id" on array {"code":2,"message":"Attempt to read property \"id\" on array","file":"/Users/Shared/Sites/App/Lib/Database.php","line":36} []
[2023-03-09T06:55:06.141988+00:00] errors.WARNING: E_WARNING: Attempt to read property "id" on array {"code":2,"message":"Attempt to read property \"id\" on array","file":"/Users/Shared/Sites/App/Lib/Database.php","line":36} []
[2023-03-09T06:55:06.175776+00:00] errors.WARNING: E_WARNING: Attempt to read property "id" on array {"code":2,"message":"Attempt to read property \"id\" on array","file":"/Users/Shared/Sites/App/Lib/Database.php","line":36} []
[2023-03-09T06:55:06.175776+00:00] errors.WARNING: E_WARNING: Attempt to read property "id" on array {"code":2,"message":"Attempt to read property \"id\" on array","file":"/Users/Shared/Sites/App/Lib/Database.php","line":36} []
[2023-03-09T06:55:06.176311+00:00] errors.WARNING: E_WARNING: Attempt to read property "id" on array {"code":2,"message":"Attempt to read property \"id\" on array","file":"/Users/Shared/Sites/App/Lib/Database.php","line":36} []
[2023-03-09T06:55:06.176311+00:00] errors.WARNING: E_WARNING: Attempt to read property "id" on array {"code":2,"message":"Attempt to read property \"id\" on array","file":"/Users/Shared/Sites/App/Lib/Database.php","line":36} []
[2023-03-09T06:55:23.270894+00:00] errors.WARNING: E_WARNING: Attempt to read property "name" on array {"code":2,"message":"Attempt to read property \"name\" on array","file":"/Users/Shared/Sites/App/Lib/Database.php","line":36} []
[2023-03-09T06:55:23.270894+00:00] errors.WARNING: E_WARNING: Attempt to read property "name" on array {"code":2,"message":"Attempt to read property \"name\" on array","file":"/Users/Shared/Sites/App/Lib/Database.php","line":36} []
[2023-03-09T06:55:23.272453+00:00] errors.WARNING: E_WARNING: Attempt to read property "name" on array {"code":2,"message":"Attempt to read property \"name\" on array","file":"/Users/Shared/Sites/App/Lib/Database.php","line":36} []
[2023-03-09T06:55:23.272453+00:00] errors.WARNING: E_WARNING: Attempt to read property "name" on array {"code":2,"message":"Attempt to read property \"name\" on array","file":"/Users/Shared/Sites/App/Lib/Database.php","line":36} []
[2023-03-09T06:55:23.319911+00:00] errors.WARNING: E_WARNING: Attempt to read property "name" on array {"code":2,"message":"Attempt to read property \"name\" on array","file":"/Users/Shared/Sites/App/Lib/Database.php","line":36} []
[2023-03-09T06:55:23.319911+00:00] errors.WARNING: E_WARNING: Attempt to read property "name" on array {"code":2,"message":"Attempt to read property \"name\" on array","file":"/Users/Shared/Sites/App/Lib/Database.php","line":36} []
[2023-03-09T06:55:23.320532+00:00] errors.WARNING: E_WARNING: Attempt to read property "name" on array {"code":2,"message":"Attempt to read property \"name\" on array","file":"/Users/Shared/Sites/App/Lib/Database.php","line":36} []
[2023-03-09T06:55:23.320532+00:00] errors.WARNING: E_WARNING: Attempt to read property "name" on array {"code":2,"message":"Attempt to read property \"name\" on array","file":"/Users/Shared/Sites/App/Lib/Database.php","line":36} []
